[35m[Appium][39m Welcome to Appium v1.22.3
[35m[Appium][39m Non-default server args:
[35m[Appium][39m   port: 58891
[35m[Appium][39m   loglevel: info
[35m[Appium][39m   tmpDir: C:\Users\ASUS\AppData\Local\Temp\\Katalon\Appium\Temp1671560580074
[35m[Appium][39m   chromedriverPort: 58892
[35m[Appium][39m Deprecated server args:
[35m[Appium][39m   [31m--chromedriver-port[39m => --default-capabilities
[35m[Appium][39m Default capabilities, which will be added to each request unless overridden by desired capabilities:
[35m[Appium][39m   chromedriverPort: 58892
[35m[Appium][39m Appium REST http interface listener started on 0.0.0.0:58891
[35m[HTTP][39m [37m-->[39m [37mGET[39m [37m/wd/hub/status[39m
[35m[HTTP][39m [90m{}[39m
[35m[HTTP][39m [37m<-- GET /wd/hub/status [39m[32m200[39m [90m14 ms - 68[39m
[35m[HTTP][39m [90m[39m
[35m[HTTP][39m [37m-->[39m [37mGET[39m [37m/wd/hub/status[39m
[35m[HTTP][39m [90m{}[39m
[35m[HTTP][39m [37m<-- GET /wd/hub/status [39m[32m200[39m [90m3 ms - 68[39m
[35m[HTTP][39m [90m[39m
[35m[HTTP][39m [37m-->[39m [37mPOST[39m [37m/wd/hub/session[39m
[35m[HTTP][39m [90m{"desiredCapabilities":{"app":"C:\\Users\\ASUS\\Downloads\\app-release (2).apk","noReset":true,"deviceName":"samsung SM-J530Y (Android 9)","fullReset":false,"platform":"ANDROID","newCommandTimeout":1800,"platformVersion":"9","automationName":"uiautomator2","autoGrantPermissions":true,"platformName":"Android","udid":"5200f6724a5a35fb","systemPort":58900},"capabilities":{"firstMatch":[{"appium:app":"C:\\Users\\ASUS\\Downloads\\app-release (2).apk","appium:autoGrantPermissions":true,"appium:automationName":"uiautomator2","appium:deviceName":"samsung SM-J530Y (Android 9)","appium:fullReset":false,"appium:newCommandTimeout":1800,"appium:noReset":true,"platform":"ANDROID","platformName":"android","appium:platformVersion":"9","appium:systemPort":58900,"appium:udid":"5200f6724a5a35fb"}]}}[39m
[35m[BaseDriver][39m The following capabilities are not standard capabilities and should have an extension prefix:
[35m[BaseDriver][39m   platform
[35m[BaseDriver][39m   chromedriverPort
[35m[Appium][39m Appium v1.22.3 creating new AndroidUiautomator2Driver (v1.70.1) session
[35m[BaseDriver][39m The following capabilities were provided, but are not recognized by Appium:
[35m[BaseDriver][39m   platform
[35m[BaseDriver][39m Session created with session id: 9321f6b0-68bf-438e-9b21-f729bd3a7aa2
[35m[BaseDriver][39m Using local app 'C:\Users\ASUS\Downloads\app-release (2).apk'
[35m[ADB][39m Found 4 'build-tools' folders under 'C:\Users\ASUS\AppData\Local\Android\Sdk' (newest first):
[35m[ADB][39m     C:/Users/ASUS/AppData/Local/Android/Sdk/build-tools/33.0.0-rc3
[35m[ADB][39m     C:/Users/ASUS/AppData/Local/Android/Sdk/build-tools/32.1.0-rc1
[35m[ADB][39m     C:/Users/ASUS/AppData/Local/Android/Sdk/build-tools/32.0.0
[35m[ADB][39m     C:/Users/ASUS/AppData/Local/Android/Sdk/build-tools/30.0.3
[35m[ADB][39m Using 'adb.exe' from 'C:\Users\ASUS\AppData\Local\Android\Sdk\platform-tools\adb.exe'
[35m[AndroidDriver][39m Retrieving device list
[35m[AndroidDriver][39m Using device: 5200f6724a5a35fb
[35m[ADB][39m Using 'adb.exe' from 'C:\Users\ASUS\AppData\Local\Android\Sdk\platform-tools\adb.exe'
[35m[ADB][39m Getting device platform version
[35m[UiAutomator2][39m Relaxing hidden api policy
[35m[ADB][39m Package name: 'com.example.agent_mobile_app'
[35m[ADB][39m Main activity name: 'com.example.agent_mobile_app.MainActivity'
[35m[ADB][39m Using 'apksigner.jar' from 'C:\Users\ASUS\AppData\Local\Android\Sdk\build-tools\33.0.0-rc3\lib\apksigner.jar'
[35m[ADB][39m 'C:\Users\ASUS\AppData\Roaming\npm\node_modules\appium\node_modules\appium-uiautomator2-server\apks\appium-uiautomator2-server-v4.27.0.apk' is signed with the default certificate
[35m[ADB][39m 'C:\Users\ASUS\AppData\Roaming\npm\node_modules\appium\node_modules\appium-uiautomator2-server\apks\appium-uiautomator2-server-debug-androidTest.apk' is signed with the default certificate
[35m[UiAutomator2][39m Server packages are not going to be (re)installed
[35m[ADB][39m Adding packages ["io.appium.settings","io.appium.uiautomator2.server","io.appium.uiautomator2.server.test"] to Doze whitelist
[35m[ADB][39m 'C:\Users\ASUS\Downloads\app-release (2).apk' is signed with a non-default certificate
[35m[ADB][39m The application at 'C:\Users\ASUS\Downloads\app-release (2).apk' will not be cached, because the device under test has confirmed the support of streamed installs
[35m[ADB][39m The installation of 'app-release (2).apk' took 21802ms
[35m[UiAutomator2][39m Starting UIAutomator2 server 4.27.0
[35m[UiAutomator2][39m Using UIAutomator2 server from 'C:\Users\ASUS\AppData\Roaming\npm\node_modules\appium\node_modules\appium-uiautomator2-server\apks\appium-uiautomator2-server-v4.27.0.apk' and test from 'C:\Users\ASUS\AppData\Roaming\npm\node_modules\appium\node_modules\appium-uiautomator2-server\apks\appium-uiautomator2-server-debug-androidTest.apk'
[35m[UiAutomator2][39m Waiting up to 30000ms for UiAutomator2 to be online...
[35m[WD Proxy][39m socket hang up
[35m[WD Proxy][39m socket hang up
[35m[WD Proxy][39m socket hang up
[35m[WD Proxy][39m socket hang up
[35m[WD Proxy][39m socket hang up
[35m[WD Proxy][39m socket hang up
[35m[WD Proxy][39m socket hang up
[35m[WD Proxy][39m Determined the downstream protocol as 'W3C'
[35m[AndroidDriver][39m Screen already unlocked, doing nothing
[35m[UiAutomator2][39m Starting 'com.example.agent_mobile_app/com.example.agent_mobile_app.MainActivity and waiting for 'com.example.agent_mobile_app/com.example.agent_mobile_app.MainActivity'
[35m[Appium][39m New AndroidUiautomator2Driver session created successfully, session 9321f6b0-68bf-438e-9b21-f729bd3a7aa2 added to master session list
[35m[HTTP][39m [37m<-- POST /wd/hub/session [39m[32m200[39m [90m41991 ms - 1272[39m
[35m[HTTP][39m [90m[39m
[35m[HTTP][39m [37m-->[39m [37mGET[39m [37m/wd/hub/session/9321f6b0-68bf-438e-9b21-f729bd3a7aa2[39m
[35m[HTTP][39m [90m{}[39m
[35m[HTTP][39m [37m<-- GET /wd/hub/session/9321f6b0-68bf-438e-9b21-f729bd3a7aa2 [39m[32m200[39m [90m37 ms - 1226[39m
[35m[HTTP][39m [90m[39m
[35m[HTTP][39m [37m-->[39m [37mGET[39m [37m/wd/hub/session/9321f6b0-68bf-438e-9b21-f729bd3a7aa2[39m
[35m[HTTP][39m [90m{}[39m
[35m[HTTP][39m [37m<-- GET /wd/hub/session/9321f6b0-68bf-438e-9b21-f729bd3a7aa2 [39m[32m200[39m [90m35 ms - 1226[39m
[35m[HTTP][39m [90m[39m
[35m[HTTP][39m [37m-->[39m [37mGET[39m [37m/wd/hub/status[39m
[35m[HTTP][39m [90m{}[39m
[35m[HTTP][39m [37m<-- GET /wd/hub/status [39m[32m200[39m [90m3 ms - 68[39m
[35m[HTTP][39m [90m[39m
[35m[HTTP][39m [37m-->[39m [37mPOST[39m [37m/wd/hub/session/9321f6b0-68bf-438e-9b21-f729bd3a7aa2/timeouts[39m
[35m[HTTP][39m [90m{"implicit":60000}[39m
[35m[HTTP][39m [37m<-- POST /wd/hub/session/9321f6b0-68bf-438e-9b21-f729bd3a7aa2/timeouts [39m[32m200[39m [90m11 ms - 14[39m
[35m[HTTP][39m [90m[39m
[35m[HTTP][39m [37m-->[39m [37mGET[39m [37m/wd/hub/session/9321f6b0-68bf-438e-9b21-f729bd3a7aa2/source[39m
[35m[HTTP][39m [90m{}[39m
[35m[W3C (9321f6b0)][39m Driver proxy active, passing request on via HTTP proxy
[35m[WD Proxy][39m Replacing sessionId 03b0361b-2a39-4951-8f4e-63c8e482df37 with 9321f6b0-68bf-438e-9b21-f729bd3a7aa2
[35m[HTTP][39m [37m<-- GET /wd/hub/session/9321f6b0-68bf-438e-9b21-f729bd3a7aa2/source [39m[32m200[39m [90m190 ms - 4043[39m
[35m[HTTP][39m [90m[39m
[35m[HTTP][39m [37m-->[39m [37mGET[39m [37m/wd/hub/session/9321f6b0-68bf-438e-9b21-f729bd3a7aa2/screenshot[39m
[35m[HTTP][39m [90m{}[39m
[35m[HTTP][39m [37m<-- GET /wd/hub/session/9321f6b0-68bf-438e-9b21-f729bd3a7aa2/screenshot [39m[32m200[39m [90m588 ms - 36768[39m
[35m[HTTP][39m [90m[39m
[35m[HTTP][39m [37m-->[39m [37mGET[39m [37m/wd/hub/session/9321f6b0-68bf-438e-9b21-f729bd3a7aa2/source[39m
[35m[HTTP][39m [90m{}[39m
[35m[W3C (9321f6b0)][39m Driver proxy active, passing request on via HTTP proxy
[35m[WD Proxy][39m Replacing sessionId 03b0361b-2a39-4951-8f4e-63c8e482df37 with 9321f6b0-68bf-438e-9b21-f729bd3a7aa2
[35m[HTTP][39m [37m<-- GET /wd/hub/session/9321f6b0-68bf-438e-9b21-f729bd3a7aa2/source [39m[32m200[39m [90m264 ms - 5924[39m
[35m[HTTP][39m [90m[39m
[35m[HTTP][39m [37m-->[39m [37mGET[39m [37m/wd/hub/session/9321f6b0-68bf-438e-9b21-f729bd3a7aa2/screenshot[39m
[35m[HTTP][39m [90m{}[39m
[35m[HTTP][39m [37m<-- GET /wd/hub/session/9321f6b0-68bf-438e-9b21-f729bd3a7aa2/screenshot [39m[32m200[39m [90m627 ms - 155332[39m
[35m[HTTP][39m [90m[39m
[35m[HTTP][39m [37m-->[39m [37mPOST[39m [37m/wd/hub/session/9321f6b0-68bf-438e-9b21-f729bd3a7aa2/elements[39m
[35m[HTTP][39m [90m{"using":"xpath","value":"//*[@class = 'android.view.View' and @resource-id = '' and (@text = '' or . = '')]"}[39m
[35m[HTTP][39m [37m<-- POST /wd/hub/session/9321f6b0-68bf-438e-9b21-f729bd3a7aa2/elements [39m[32m200[39m [90m1435 ms - 1035[39m
[35m[HTTP][39m [90m[39m
[35m[HTTP][39m [37m-->[39m [37mPOST[39m [37m/wd/hub/session/9321f6b0-68bf-438e-9b21-f729bd3a7aa2/elements[39m
[35m[HTTP][39m [90m{"using":"accessibility id","value":"Berikutnya"}[39m
[35m[HTTP][39m [37m<-- POST /wd/hub/session/9321f6b0-68bf-438e-9b21-f729bd3a7aa2/elements [39m[32m200[39m [90m81 ms - 139[39m
[35m[HTTP][39m [90m[39m
[35m[HTTP][39m [37m-->[39m [37mGET[39m [37m/wd/hub/session/9321f6b0-68bf-438e-9b21-f729bd3a7aa2/window/rect[39m
[35m[HTTP][39m [90m{}[39m
[35m[HTTP][39m [37m<-- GET /wd/hub/session/9321f6b0-68bf-438e-9b21-f729bd3a7aa2/window/rect [39m[32m200[39m [90m65 ms - 49[39m
[35m[HTTP][39m [90m[39m
[35m[HTTP][39m [37m-->[39m [37mPOST[39m [37m/wd/hub/session/9321f6b0-68bf-438e-9b21-f729bd3a7aa2/elements[39m
[35m[HTTP][39m [90m{"using":"accessibility id","value":"Berikutnya"}[39m
[35m[HTTP][39m [37m<-- POST /wd/hub/session/9321f6b0-68bf-438e-9b21-f729bd3a7aa2/elements [39m[32m200[39m [90m91 ms - 139[39m
[35m[HTTP][39m [90m[39m
[35m[HTTP][39m [37m-->[39m [37mGET[39m [37m/wd/hub/session/9321f6b0-68bf-438e-9b21-f729bd3a7aa2/element/00000000-0000-03f2-0000-000b00000000/location[39m
[35m[HTTP][39m [90m{}[39m
[35m[W3C (9321f6b0)][39m Driver proxy active, passing request on via HTTP proxy
[35m[WD Proxy][39m Replacing sessionId 03b0361b-2a39-4951-8f4e-63c8e482df37 with 9321f6b0-68bf-438e-9b21-f729bd3a7aa2
[35m[HTTP][39m [37m<-- GET /wd/hub/session/9321f6b0-68bf-438e-9b21-f729bd3a7aa2/element/00000000-0000-03f2-0000-000b00000000/location [39m[32m200[39m [90m67 ms - 78[39m
[35m[HTTP][39m [90m[39m
[35m[HTTP][39m [37m-->[39m [37mPOST[39m [37m/wd/hub/session/9321f6b0-68bf-438e-9b21-f729bd3a7aa2/element/00000000-0000-03f2-0000-000b00000000/click[39m
[35m[HTTP][39m [90m{"id":"00000000-0000-03f2-0000-000b00000000"}[39m
[35m[HTTP][39m [37m<-- POST /wd/hub/session/9321f6b0-68bf-438e-9b21-f729bd3a7aa2/element/00000000-0000-03f2-0000-000b00000000/click [39m[32m200[39m [90m76 ms - 14[39m
[35m[HTTP][39m [90m[39m
[35m[HTTP][39m [37m-->[39m [37mGET[39m [37m/wd/hub/session/9321f6b0-68bf-438e-9b21-f729bd3a7aa2/source[39m
[35m[HTTP][39m [90m{}[39m
[35m[W3C (9321f6b0)][39m Driver proxy active, passing request on via HTTP proxy
[35m[WD Proxy][39m Replacing sessionId 03b0361b-2a39-4951-8f4e-63c8e482df37 with 9321f6b0-68bf-438e-9b21-f729bd3a7aa2
[35m[HTTP][39m [37m<-- GET /wd/hub/session/9321f6b0-68bf-438e-9b21-f729bd3a7aa2/source [39m[32m200[39m [90m231 ms - 5879[39m
[35m[HTTP][39m [90m[39m
[35m[HTTP][39m [37m-->[39m [37mGET[39m [37m/wd/hub/session/9321f6b0-68bf-438e-9b21-f729bd3a7aa2/screenshot[39m
[35m[HTTP][39m [90m{}[39m
[35m[HTTP][39m [37m<-- GET /wd/hub/session/9321f6b0-68bf-438e-9b21-f729bd3a7aa2/screenshot [39m[32m200[39m [90m703 ms - 194972[39m
[35m[HTTP][39m [90m[39m
[35m[HTTP][39m [37m-->[39m [37mPOST[39m [37m/wd/hub/session/9321f6b0-68bf-438e-9b21-f729bd3a7aa2/elements[39m
[35m[HTTP][39m [90m{"using":"xpath","value":"//*[@class = 'android.view.View' and @resource-id = '' and (@text = '' or . = '')]"}[39m
[35m[HTTP][39m [37m<-- POST /wd/hub/session/9321f6b0-68bf-438e-9b21-f729bd3a7aa2/elements [39m[32m200[39m [90m339 ms - 1035[39m
[35m[HTTP][39m [90m[39m
[35m[HTTP][39m [37m-->[39m [37mPOST[39m [37m/wd/hub/session/9321f6b0-68bf-438e-9b21-f729bd3a7aa2/elements[39m
[35m[HTTP][39m [90m{"using":"accessibility id","value":"Berikutnya"}[39m
[35m[HTTP][39m [37m<-- POST /wd/hub/session/9321f6b0-68bf-438e-9b21-f729bd3a7aa2/elements [39m[32m200[39m [90m71 ms - 139[39m
[35m[HTTP][39m [90m[39m
[35m[HTTP][39m [37m-->[39m [37mGET[39m [37m/wd/hub/session/9321f6b0-68bf-438e-9b21-f729bd3a7aa2/window/rect[39m
[35m[HTTP][39m [90m{}[39m
[35m[HTTP][39m [37m<-- GET /wd/hub/session/9321f6b0-68bf-438e-9b21-f729bd3a7aa2/window/rect [39m[32m200[39m [90m48 ms - 49[39m
[35m[HTTP][39m [90m[39m
[35m[HTTP][39m [37m-->[39m [37mPOST[39m [37m/wd/hub/session/9321f6b0-68bf-438e-9b21-f729bd3a7aa2/elements[39m
[35m[HTTP][39m [90m{"using":"accessibility id","value":"Berikutnya"}[39m
[35m[HTTP][39m [37m<-- POST /wd/hub/session/9321f6b0-68bf-438e-9b21-f729bd3a7aa2/elements [39m[32m200[39m [90m87 ms - 139[39m
[35m[HTTP][39m [90m[39m
[35m[HTTP][39m [37m-->[39m [37mGET[39m [37m/wd/hub/session/9321f6b0-68bf-438e-9b21-f729bd3a7aa2/element/00000000-0000-03f2-0000-000b00000000/location[39m
[35m[HTTP][39m [90m{}[39m
[35m[W3C (9321f6b0)][39m Driver proxy active, passing request on via HTTP proxy
[35m[WD Proxy][39m Replacing sessionId 03b0361b-2a39-4951-8f4e-63c8e482df37 with 9321f6b0-68bf-438e-9b21-f729bd3a7aa2
[35m[HTTP][39m [37m<-- GET /wd/hub/session/9321f6b0-68bf-438e-9b21-f729bd3a7aa2/element/00000000-0000-03f2-0000-000b00000000/location [39m[32m200[39m [90m48 ms - 78[39m
[35m[HTTP][39m [90m[39m
[35m[HTTP][39m [37m-->[39m [37mPOST[39m [37m/wd/hub/session/9321f6b0-68bf-438e-9b21-f729bd3a7aa2/element/00000000-0000-03f2-0000-000b00000000/click[39m
[35m[HTTP][39m [90m{"id":"00000000-0000-03f2-0000-000b00000000"}[39m
[35m[HTTP][39m [37m<-- POST /wd/hub/session/9321f6b0-68bf-438e-9b21-f729bd3a7aa2/element/00000000-0000-03f2-0000-000b00000000/click [39m[32m200[39m [90m68 ms - 14[39m
[35m[HTTP][39m [90m[39m
[35m[HTTP][39m [37m-->[39m [37mGET[39m [37m/wd/hub/session/9321f6b0-68bf-438e-9b21-f729bd3a7aa2/source[39m
[35m[HTTP][39m [90m{}[39m
[35m[W3C (9321f6b0)][39m Driver proxy active, passing request on via HTTP proxy
[35m[WD Proxy][39m Replacing sessionId 03b0361b-2a39-4951-8f4e-63c8e482df37 with 9321f6b0-68bf-438e-9b21-f729bd3a7aa2
[35m[HTTP][39m [37m<-- GET /wd/hub/session/9321f6b0-68bf-438e-9b21-f729bd3a7aa2/source [39m[32m200[39m [90m154 ms - 5976[39m
[35m[HTTP][39m [90m[39m
[35m[HTTP][39m [37m-->[39m [37mGET[39m [37m/wd/hub/session/9321f6b0-68bf-438e-9b21-f729bd3a7aa2/screenshot[39m
[35m[HTTP][39m [90m{}[39m
[35m[HTTP][39m [37m<-- GET /wd/hub/session/9321f6b0-68bf-438e-9b21-f729bd3a7aa2/screenshot [39m[32m200[39m [90m723 ms - 175234[39m
[35m[HTTP][39m [90m[39m
[35m[HTTP][39m [37m-->[39m [37mPOST[39m [37m/wd/hub/session/9321f6b0-68bf-438e-9b21-f729bd3a7aa2/elements[39m
[35m[HTTP][39m [90m{"using":"xpath","value":"//*[@class = 'android.view.View' and @resource-id = '' and (@text = '' or . = '')]"}[39m
[35m[HTTP][39m [37m<-- POST /wd/hub/session/9321f6b0-68bf-438e-9b21-f729bd3a7aa2/elements [39m[32m200[39m [90m313 ms - 1035[39m
[35m[HTTP][39m [90m[39m
[35m[HTTP][39m [37m-->[39m [37mPOST[39m [37m/wd/hub/session/9321f6b0-68bf-438e-9b21-f729bd3a7aa2/elements[39m
[35m[HTTP][39m [90m{"using":"accessibility id","value":"Berikutnya"}[39m
[35m[HTTP][39m [37m<-- POST /wd/hub/session/9321f6b0-68bf-438e-9b21-f729bd3a7aa2/elements [39m[32m200[39m [90m65 ms - 139[39m
[35m[HTTP][39m [90m[39m
[35m[HTTP][39m [37m-->[39m [37mGET[39m [37m/wd/hub/session/9321f6b0-68bf-438e-9b21-f729bd3a7aa2/window/rect[39m
[35m[HTTP][39m [90m{}[39m
[35m[HTTP][39m [37m<-- GET /wd/hub/session/9321f6b0-68bf-438e-9b21-f729bd3a7aa2/window/rect [39m[32m200[39m [90m34 ms - 49[39m
[35m[HTTP][39m [90m[39m
[35m[HTTP][39m [37m-->[39m [37mPOST[39m [37m/wd/hub/session/9321f6b0-68bf-438e-9b21-f729bd3a7aa2/elements[39m
[35m[HTTP][39m [90m{"using":"accessibility id","value":"Berikutnya"}[39m
[35m[HTTP][39m [37m<-- POST /wd/hub/session/9321f6b0-68bf-438e-9b21-f729bd3a7aa2/elements [39m[32m200[39m [90m74 ms - 139[39m
[35m[HTTP][39m [90m[39m
[35m[HTTP][39m [37m-->[39m [37mGET[39m [37m/wd/hub/session/9321f6b0-68bf-438e-9b21-f729bd3a7aa2/element/00000000-0000-03f2-0000-000b00000000/location[39m
[35m[HTTP][39m [90m{}[39m
[35m[W3C (9321f6b0)][39m Driver proxy active, passing request on via HTTP proxy
[35m[WD Proxy][39m Replacing sessionId 03b0361b-2a39-4951-8f4e-63c8e482df37 with 9321f6b0-68bf-438e-9b21-f729bd3a7aa2
[35m[HTTP][39m [37m<-- GET /wd/hub/session/9321f6b0-68bf-438e-9b21-f729bd3a7aa2/element/00000000-0000-03f2-0000-000b00000000/location [39m[32m200[39m [90m41 ms - 78[39m
[35m[HTTP][39m [90m[39m
[35m[HTTP][39m [37m-->[39m [37mPOST[39m [37m/wd/hub/session/9321f6b0-68bf-438e-9b21-f729bd3a7aa2/element/00000000-0000-03f2-0000-000b00000000/click[39m
[35m[HTTP][39m [90m{"id":"00000000-0000-03f2-0000-000b00000000"}[39m
[35m[HTTP][39m [37m<-- POST /wd/hub/session/9321f6b0-68bf-438e-9b21-f729bd3a7aa2/element/00000000-0000-03f2-0000-000b00000000/click [39m[32m200[39m [90m61 ms - 14[39m
[35m[HTTP][39m [90m[39m
[35m[HTTP][39m [37m-->[39m [37mGET[39m [37m/wd/hub/session/9321f6b0-68bf-438e-9b21-f729bd3a7aa2/source[39m
[35m[HTTP][39m [90m{}[39m
[35m[W3C (9321f6b0)][39m Driver proxy active, passing request on via HTTP proxy
[35m[WD Proxy][39m Replacing sessionId 03b0361b-2a39-4951-8f4e-63c8e482df37 with 9321f6b0-68bf-438e-9b21-f729bd3a7aa2
[35m[HTTP][39m [37m<-- GET /wd/hub/session/9321f6b0-68bf-438e-9b21-f729bd3a7aa2/source [39m[32m200[39m [90m413 ms - 10516[39m
[35m[HTTP][39m [90m[39m
[35m[HTTP][39m [37m-->[39m [37mGET[39m [37m/wd/hub/session/9321f6b0-68bf-438e-9b21-f729bd3a7aa2/screenshot[39m
[35m[HTTP][39m [90m{}[39m
[35m[HTTP][39m [37m<-- GET /wd/hub/session/9321f6b0-68bf-438e-9b21-f729bd3a7aa2/screenshot [39m[32m200[39m [90m649 ms - 81568[39m
[35m[HTTP][39m [90m[39m
[35m[HTTP][39m [37m-->[39m [37mPOST[39m [37m/wd/hub/session/9321f6b0-68bf-438e-9b21-f729bd3a7aa2/elements[39m
[35m[HTTP][39m [90m{"using":"xpath","value":"//*[@class = 'android.widget.ImageView' and (@text = 'Masukan email' or . = 'Masukan email') and @resource-id = '']"}[39m
[35m[HTTP][39m [37m<-- POST /wd/hub/session/9321f6b0-68bf-438e-9b21-f729bd3a7aa2/elements [39m[32m200[39m [90m402 ms - 139[39m
[35m[HTTP][39m [90m[39m
[35m[HTTP][39m [37m-->[39m [37mGET[39m [37m/wd/hub/session/9321f6b0-68bf-438e-9b21-f729bd3a7aa2/window/rect[39m
[35m[HTTP][39m [90m{}[39m
[35m[HTTP][39m [37m<-- GET /wd/hub/session/9321f6b0-68bf-438e-9b21-f729bd3a7aa2/window/rect [39m[32m200[39m [90m37 ms - 49[39m
[35m[HTTP][39m [90m[39m
[35m[HTTP][39m [37m-->[39m [37mPOST[39m [37m/wd/hub/session/9321f6b0-68bf-438e-9b21-f729bd3a7aa2/elements[39m
[35m[HTTP][39m [90m{"using":"xpath","value":"//*[@class = 'android.widget.ImageView' and (@text = 'Masukan email' or . = 'Masukan email') and @resource-id = '']"}[39m
[35m[HTTP][39m [37m<-- POST /wd/hub/session/9321f6b0-68bf-438e-9b21-f729bd3a7aa2/elements [39m[32m200[39m [90m351 ms - 139[39m
[35m[HTTP][39m [90m[39m
[35m[HTTP][39m [37m-->[39m [37mGET[39m [37m/wd/hub/session/9321f6b0-68bf-438e-9b21-f729bd3a7aa2/element/00000000-0000-03f2-0000-001200000000/location[39m
[35m[HTTP][39m [90m{}[39m
[35m[W3C (9321f6b0)][39m Driver proxy active, passing request on via HTTP proxy
[35m[WD Proxy][39m Replacing sessionId 03b0361b-2a39-4951-8f4e-63c8e482df37 with 9321f6b0-68bf-438e-9b21-f729bd3a7aa2
[35m[HTTP][39m [37m<-- GET /wd/hub/session/9321f6b0-68bf-438e-9b21-f729bd3a7aa2/element/00000000-0000-03f2-0000-001200000000/location [39m[32m200[39m [90m44 ms - 77[39m
[35m[HTTP][39m [90m[39m
[35m[HTTP][39m [37m-->[39m [37mPOST[39m [37m/wd/hub/session/9321f6b0-68bf-438e-9b21-f729bd3a7aa2/element/00000000-0000-03f2-0000-001200000000/click[39m
[35m[HTTP][39m [90m{"id":"00000000-0000-03f2-0000-001200000000"}[39m
[35m[HTTP][39m [37m<-- POST /wd/hub/session/9321f6b0-68bf-438e-9b21-f729bd3a7aa2/element/00000000-0000-03f2-0000-001200000000/click [39m[32m200[39m [90m58 ms - 14[39m
[35m[HTTP][39m [90m[39m
[35m[HTTP][39m [37m-->[39m [37mGET[39m [37m/wd/hub/session/9321f6b0-68bf-438e-9b21-f729bd3a7aa2/source[39m
[35m[HTTP][39m [90m{}[39m
[35m[W3C (9321f6b0)][39m Driver proxy active, passing request on via HTTP proxy
[35m[WD Proxy][39m Replacing sessionId 03b0361b-2a39-4951-8f4e-63c8e482df37 with 9321f6b0-68bf-438e-9b21-f729bd3a7aa2
[35m[HTTP][39m [37m<-- GET /wd/hub/session/9321f6b0-68bf-438e-9b21-f729bd3a7aa2/source [39m[32m200[39m [90m619 ms - 8302[39m
[35m[HTTP][39m [90m[39m
[35m[HTTP][39m [37m-->[39m [37mGET[39m [37m/wd/hub/session/9321f6b0-68bf-438e-9b21-f729bd3a7aa2/screenshot[39m
[35m[HTTP][39m [90m{}[39m
[35m[HTTP][39m [37m<-- GET /wd/hub/session/9321f6b0-68bf-438e-9b21-f729bd3a7aa2/screenshot [39m[32m200[39m [90m659 ms - 126274[39m
[35m[HTTP][39m [90m[39m
[35m[HTTP][39m [37m-->[39m [37mPOST[39m [37m/wd/hub/session/9321f6b0-68bf-438e-9b21-f729bd3a7aa2/elements[39m
[35m[HTTP][39m [90m{"using":"xpath","value":"//*[@class = 'android.widget.ImageView' and (@text = 'Masukan email' or . = 'Masukan email') and @resource-id = '']"}[39m
[35m[HTTP][39m [37m<-- POST /wd/hub/session/9321f6b0-68bf-438e-9b21-f729bd3a7aa2/elements [39m[32m200[39m [90m350 ms - 139[39m
[35m[HTTP][39m [90m[39m
[35m[HTTP][39m [37m-->[39m [37mGET[39m [37m/wd/hub/session/9321f6b0-68bf-438e-9b21-f729bd3a7aa2/window/rect[39m
[35m[HTTP][39m [90m{}[39m
[35m[HTTP][39m [37m<-- GET /wd/hub/session/9321f6b0-68bf-438e-9b21-f729bd3a7aa2/window/rect [39m[32m200[39m [90m67 ms - 49[39m
[35m[HTTP][39m [90m[39m
[35m[HTTP][39m [37m-->[39m [37mPOST[39m [37m/wd/hub/session/9321f6b0-68bf-438e-9b21-f729bd3a7aa2/elements[39m
[35m[HTTP][39m [90m{"using":"xpath","value":"//*[@class = 'android.widget.ImageView' and (@text = 'Masukan email' or . = 'Masukan email') and @resource-id = '']"}[39m
[35m[HTTP][39m [37m<-- POST /wd/hub/session/9321f6b0-68bf-438e-9b21-f729bd3a7aa2/elements [39m[32m200[39m [90m307 ms - 139[39m
[35m[HTTP][39m [90m[39m
[35m[HTTP][39m [37m-->[39m [37mGET[39m [37m/wd/hub/session/9321f6b0-68bf-438e-9b21-f729bd3a7aa2/element/00000000-0000-03f2-0000-001200000000/location[39m
[35m[HTTP][39m [90m{}[39m
[35m[W3C (9321f6b0)][39m Driver proxy active, passing request on via HTTP proxy
[35m[WD Proxy][39m Replacing sessionId 03b0361b-2a39-4951-8f4e-63c8e482df37 with 9321f6b0-68bf-438e-9b21-f729bd3a7aa2
[35m[HTTP][39m [37m<-- GET /wd/hub/session/9321f6b0-68bf-438e-9b21-f729bd3a7aa2/element/00000000-0000-03f2-0000-001200000000/location [39m[32m200[39m [90m43 ms - 77[39m
[35m[HTTP][39m [90m[39m
[35m[HTTP][39m [37m-->[39m [37mPOST[39m [37m/wd/hub/session/9321f6b0-68bf-438e-9b21-f729bd3a7aa2/element/00000000-0000-03f2-0000-001200000000/clear[39m
[35m[HTTP][39m [90m{"id":"00000000-0000-03f2-0000-001200000000"}[39m
[35m[HTTP][39m [37m<-- POST /wd/hub/session/9321f6b0-68bf-438e-9b21-f729bd3a7aa2/element/00000000-0000-03f2-0000-001200000000/clear [39m[32m200[39m [90m62 ms - 14[39m
[35m[HTTP][39m [90m[39m
[35m[HTTP][39m [37m-->[39m [37mPOST[39m [37m/wd/hub/session/9321f6b0-68bf-438e-9b21-f729bd3a7aa2/element/00000000-0000-03f2-0000-001200000000/value[39m
[35m[HTTP][39m [90m{"id":"00000000-0000-03f2-0000-001200000000","text":"alterra5capstone@gmail.com","value":["a","l","t","e","r","r","a","5","c","a","p","s","t","o","n","e","@","g","m","a","i","l",".","c","o","m"]}[39m
[35m[HTTP][39m [37m<-- POST /wd/hub/session/9321f6b0-68bf-438e-9b21-f729bd3a7aa2/element/00000000-0000-03f2-0000-001200000000/value [39m[32m200[39m [90m100 ms - 14[39m
[35m[HTTP][39m [90m[39m
[35m[HTTP][39m [37m-->[39m [37mGET[39m [37m/wd/hub/session/9321f6b0-68bf-438e-9b21-f729bd3a7aa2/source[39m
[35m[HTTP][39m [90m{}[39m
[35m[W3C (9321f6b0)][39m Driver proxy active, passing request on via HTTP proxy
[35m[WD Proxy][39m Replacing sessionId 03b0361b-2a39-4951-8f4e-63c8e482df37 with 9321f6b0-68bf-438e-9b21-f729bd3a7aa2
[35m[HTTP][39m [37m<-- GET /wd/hub/session/9321f6b0-68bf-438e-9b21-f729bd3a7aa2/source [39m[32m200[39m [90m242 ms - 8330[39m
[35m[HTTP][39m [90m[39m
[35m[HTTP][39m [37m-->[39m [37mGET[39m [37m/wd/hub/session/9321f6b0-68bf-438e-9b21-f729bd3a7aa2/screenshot[39m
[35m[HTTP][39m [90m{}[39m
[35m[HTTP][39m [37m<-- GET /wd/hub/session/9321f6b0-68bf-438e-9b21-f729bd3a7aa2/screenshot [39m[32m200[39m [90m713 ms - 133172[39m
[35m[HTTP][39m [90m[39m
[35m[HTTP][39m [37m-->[39m [37mPOST[39m [37m/wd/hub/session/9321f6b0-68bf-438e-9b21-f729bd3a7aa2/elements[39m
[35m[HTTP][39m [90m{"using":"xpath","value":"//*[@class = 'android.widget.EditText' and (@text = '*********' or . = '*********') and @resource-id = '']"}[39m
[35m[HTTP][39m [37m<-- POST /wd/hub/session/9321f6b0-68bf-438e-9b21-f729bd3a7aa2/elements [39m[32m200[39m [90m296 ms - 139[39m
[35m[HTTP][39m [90m[39m
[35m[HTTP][39m [37m-->[39m [37mGET[39m [37m/wd/hub/session/9321f6b0-68bf-438e-9b21-f729bd3a7aa2/window/rect[39m
[35m[HTTP][39m [90m{}[39m
[35m[HTTP][39m [37m<-- GET /wd/hub/session/9321f6b0-68bf-438e-9b21-f729bd3a7aa2/window/rect [39m[32m200[39m [90m31 ms - 49[39m
[35m[HTTP][39m [90m[39m
[35m[HTTP][39m [37m-->[39m [37mPOST[39m [37m/wd/hub/session/9321f6b0-68bf-438e-9b21-f729bd3a7aa2/elements[39m
[35m[HTTP][39m [90m{"using":"xpath","value":"//*[@class = 'android.widget.EditText' and (@text = '*********' or . = '*********') and @resource-id = '']"}[39m
[35m[HTTP][39m [37m<-- POST /wd/hub/session/9321f6b0-68bf-438e-9b21-f729bd3a7aa2/elements [39m[32m200[39m [90m262 ms - 139[39m
[35m[HTTP][39m [90m[39m
[35m[HTTP][39m [37m-->[39m [37mGET[39m [37m/wd/hub/session/9321f6b0-68bf-438e-9b21-f729bd3a7aa2/element/00000000-0000-03f2-0000-001300000000/location[39m
[35m[HTTP][39m [90m{}[39m
[35m[W3C (9321f6b0)][39m Driver proxy active, passing request on via HTTP proxy
[35m[WD Proxy][39m Replacing sessionId 03b0361b-2a39-4951-8f4e-63c8e482df37 with 9321f6b0-68bf-438e-9b21-f729bd3a7aa2
[35m[HTTP][39m [37m<-- GET /wd/hub/session/9321f6b0-68bf-438e-9b21-f729bd3a7aa2/element/00000000-0000-03f2-0000-001300000000/location [39m[32m200[39m [90m42 ms - 77[39m
[35m[HTTP][39m [90m[39m
[35m[HTTP][39m [37m-->[39m [37mPOST[39m [37m/wd/hub/session/9321f6b0-68bf-438e-9b21-f729bd3a7aa2/element/00000000-0000-03f2-0000-001300000000/click[39m
[35m[HTTP][39m [90m{"id":"00000000-0000-03f2-0000-001300000000"}[39m
[35m[HTTP][39m [37m<-- POST /wd/hub/session/9321f6b0-68bf-438e-9b21-f729bd3a7aa2/element/00000000-0000-03f2-0000-001300000000/click [39m[32m200[39m [90m58 ms - 14[39m
[35m[HTTP][39m [90m[39m
[35m[HTTP][39m [37m-->[39m [37mGET[39m [37m/wd/hub/session/9321f6b0-68bf-438e-9b21-f729bd3a7aa2/source[39m
[35m[HTTP][39m [90m{}[39m
[35m[W3C (9321f6b0)][39m Driver proxy active, passing request on via HTTP proxy
[35m[WD Proxy][39m Replacing sessionId 03b0361b-2a39-4951-8f4e-63c8e482df37 with 9321f6b0-68bf-438e-9b21-f729bd3a7aa2
[35m[HTTP][39m [37m<-- GET /wd/hub/session/9321f6b0-68bf-438e-9b21-f729bd3a7aa2/source [39m[32m200[39m [90m421 ms - 8330[39m
[35m[HTTP][39m [90m[39m
[35m[HTTP][39m [37m-->[39m [37mGET[39m [37m/wd/hub/session/9321f6b0-68bf-438e-9b21-f729bd3a7aa2/screenshot[39m
[35m[HTTP][39m [90m{}[39m
[35m[HTTP][39m [37m<-- GET /wd/hub/session/9321f6b0-68bf-438e-9b21-f729bd3a7aa2/screenshot [39m[32m200[39m [90m688 ms - 132650[39m
[35m[HTTP][39m [90m[39m
[35m[HTTP][39m [37m-->[39m [37mPOST[39m [37m/wd/hub/session/9321f6b0-68bf-438e-9b21-f729bd3a7aa2/elements[39m
[35m[HTTP][39m [90m{"using":"xpath","value":"//*[@class = 'android.widget.EditText' and (@text = '*********' or . = '*********') and @resource-id = '']"}[39m
[35m[HTTP][39m [37m<-- POST /wd/hub/session/9321f6b0-68bf-438e-9b21-f729bd3a7aa2/elements [39m[32m200[39m [90m268 ms - 139[39m
[35m[HTTP][39m [90m[39m
[35m[HTTP][39m [37m-->[39m [37mGET[39m [37m/wd/hub/session/9321f6b0-68bf-438e-9b21-f729bd3a7aa2/window/rect[39m
[35m[HTTP][39m [90m{}[39m
[35m[HTTP][39m [37m<-- GET /wd/hub/session/9321f6b0-68bf-438e-9b21-f729bd3a7aa2/window/rect [39m[32m200[39m [90m62 ms - 49[39m
[35m[HTTP][39m [90m[39m
[35m[HTTP][39m [37m-->[39m [37mPOST[39m [37m/wd/hub/session/9321f6b0-68bf-438e-9b21-f729bd3a7aa2/elements[39m
[35m[HTTP][39m [90m{"using":"xpath","value":"//*[@class = 'android.widget.EditText' and (@text = '*********' or . = '*********') and @resource-id = '']"}[39m
[35m[HTTP][39m [37m<-- POST /wd/hub/session/9321f6b0-68bf-438e-9b21-f729bd3a7aa2/elements [39m[32m200[39m [90m372 ms - 139[39m
[35m[HTTP][39m [90m[39m
[35m[HTTP][39m [37m-->[39m [37mGET[39m [37m/wd/hub/session/9321f6b0-68bf-438e-9b21-f729bd3a7aa2/element/00000000-0000-03f2-0000-001300000000/location[39m
[35m[HTTP][39m [90m{}[39m
[35m[W3C (9321f6b0)][39m Driver proxy active, passing request on via HTTP proxy
[35m[WD Proxy][39m Replacing sessionId 03b0361b-2a39-4951-8f4e-63c8e482df37 with 9321f6b0-68bf-438e-9b21-f729bd3a7aa2
[35m[HTTP][39m [37m<-- GET /wd/hub/session/9321f6b0-68bf-438e-9b21-f729bd3a7aa2/element/00000000-0000-03f2-0000-001300000000/location [39m[32m200[39m [90m44 ms - 77[39m
[35m[HTTP][39m [90m[39m
[35m[HTTP][39m [37m-->[39m [37mPOST[39m [37m/wd/hub/session/9321f6b0-68bf-438e-9b21-f729bd3a7aa2/element/00000000-0000-03f2-0000-001300000000/clear[39m
[35m[HTTP][39m [90m{"id":"00000000-0000-03f2-0000-001300000000"}[39m
[35m[HTTP][39m [37m<-- POST /wd/hub/session/9321f6b0-68bf-438e-9b21-f729bd3a7aa2/element/00000000-0000-03f2-0000-001300000000/clear [39m[32m200[39m [90m64 ms - 14[39m
[35m[HTTP][39m [90m[39m
[35m[HTTP][39m [37m-->[39m [37mPOST[39m [37m/wd/hub/session/9321f6b0-68bf-438e-9b21-f729bd3a7aa2/element/00000000-0000-03f2-0000-001300000000/value[39m
[35m[HTTP][39m [90m{"id":"00000000-0000-03f2-0000-001300000000","text":"Capstonealterra54321111","value":["C","a","p","s","t","o","n","e","a","l","t","e","r","r","a","5","4","3","2","1","1","1","1"]}[39m
[35m[HTTP][39m [37m<-- POST /wd/hub/session/9321f6b0-68bf-438e-9b21-f729bd3a7aa2/element/00000000-0000-03f2-0000-001300000000/value [39m[32m200[39m [90m89 ms - 14[39m
[35m[HTTP][39m [90m[39m
[35m[HTTP][39m [37m-->[39m [37mGET[39m [37m/wd/hub/session/9321f6b0-68bf-438e-9b21-f729bd3a7aa2/source[39m
[35m[HTTP][39m [90m{}[39m
[35m[W3C (9321f6b0)][39m Driver proxy active, passing request on via HTTP proxy
[35m[WD Proxy][39m Replacing sessionId 03b0361b-2a39-4951-8f4e-63c8e482df37 with 9321f6b0-68bf-438e-9b21-f729bd3a7aa2
[35m[HTTP][39m [37m<-- GET /wd/hub/session/9321f6b0-68bf-438e-9b21-f729bd3a7aa2/source [39m[32m200[39m [90m203 ms - 8401[39m
[35m[HTTP][39m [90m[39m
[35m[HTTP][39m [37m-->[39m [37mGET[39m [37m/wd/hub/session/9321f6b0-68bf-438e-9b21-f729bd3a7aa2/screenshot[39m
[35m[HTTP][39m [90m{}[39m
[35m[HTTP][39m [37m<-- GET /wd/hub/session/9321f6b0-68bf-438e-9b21-f729bd3a7aa2/screenshot [39m[32m200[39m [90m683 ms - 132342[39m
[35m[HTTP][39m [90m[39m
[35m[HTTP][39m [37m-->[39m [37mPOST[39m [37m/wd/hub/session/9321f6b0-68bf-438e-9b21-f729bd3a7aa2/elements[39m
[35m[HTTP][39m [90m{"using":"xpath","value":"//*[@class = 'android.view.View' and @resource-id = '' and (@text = '' or . = '')]"}[39m
[35m[HTTP][39m [37m<-- POST /wd/hub/session/9321f6b0-68bf-438e-9b21-f729bd3a7aa2/elements [39m[32m200[39m [90m260 ms - 1419[39m
[35m[HTTP][39m [90m[39m
[35m[HTTP][39m [37m-->[39m [37mPOST[39m [37m/wd/hub/session/9321f6b0-68bf-438e-9b21-f729bd3a7aa2/elements[39m
[35m[HTTP][39m [90m{"using":"accessibility id","value":"Masuk"}[39m
[35m[HTTP][39m [37m<-- POST /wd/hub/session/9321f6b0-68bf-438e-9b21-f729bd3a7aa2/elements [39m[32m200[39m [90m60 ms - 139[39m
[35m[HTTP][39m [90m[39m
[35m[HTTP][39m [37m-->[39m [37mGET[39m [37m/wd/hub/session/9321f6b0-68bf-438e-9b21-f729bd3a7aa2/window/rect[39m
[35m[HTTP][39m [90m{}[39m
[35m[HTTP][39m [37m<-- GET /wd/hub/session/9321f6b0-68bf-438e-9b21-f729bd3a7aa2/window/rect [39m[32m200[39m [90m32 ms - 49[39m
[35m[HTTP][39m [90m[39m
[35m[HTTP][39m [37m-->[39m [37mPOST[39m [37m/wd/hub/session/9321f6b0-68bf-438e-9b21-f729bd3a7aa2/elements[39m
[35m[HTTP][39m [90m{"using":"accessibility id","value":"Masuk"}[39m
[35m[HTTP][39m [37m<-- POST /wd/hub/session/9321f6b0-68bf-438e-9b21-f729bd3a7aa2/elements [39m[32m200[39m [90m64 ms - 139[39m
[35m[HTTP][39m [90m[39m
[35m[HTTP][39m [37m-->[39m [37mGET[39m [37m/wd/hub/session/9321f6b0-68bf-438e-9b21-f729bd3a7aa2/element/00000000-0000-03f2-0000-001800000000/location[39m
[35m[HTTP][39m [90m{}[39m
[35m[W3C (9321f6b0)][39m Driver proxy active, passing request on via HTTP proxy
[35m[WD Proxy][39m Replacing sessionId 03b0361b-2a39-4951-8f4e-63c8e482df37 with 9321f6b0-68bf-438e-9b21-f729bd3a7aa2
[35m[HTTP][39m [37m<-- GET /wd/hub/session/9321f6b0-68bf-438e-9b21-f729bd3a7aa2/element/00000000-0000-03f2-0000-001800000000/location [39m[32m200[39m [90m45 ms - 77[39m
[35m[HTTP][39m [90m[39m
[35m[HTTP][39m [37m-->[39m [37mPOST[39m [37m/wd/hub/session/9321f6b0-68bf-438e-9b21-f729bd3a7aa2/element/00000000-0000-03f2-0000-001800000000/click[39m
[35m[HTTP][39m [90m{"id":"00000000-0000-03f2-0000-001800000000"}[39m
[35m[HTTP][39m [37m<-- POST /wd/hub/session/9321f6b0-68bf-438e-9b21-f729bd3a7aa2/element/00000000-0000-03f2-0000-001800000000/click [39m[32m200[39m [90m60 ms - 14[39m
[35m[HTTP][39m [90m[39m
[35m[HTTP][39m [37m-->[39m [37mGET[39m [37m/wd/hub/session/9321f6b0-68bf-438e-9b21-f729bd3a7aa2/source[39m
[35m[HTTP][39m [90m{}[39m
[35m[W3C (9321f6b0)][39m Driver proxy active, passing request on via HTTP proxy
[35m[WD Proxy][39m Replacing sessionId 03b0361b-2a39-4951-8f4e-63c8e482df37 with 9321f6b0-68bf-438e-9b21-f729bd3a7aa2
[35m[HTTP][39m [37m<-- GET /wd/hub/session/9321f6b0-68bf-438e-9b21-f729bd3a7aa2/source [39m[32m200[39m [90m1178 ms - 18736[39m
[35m[HTTP][39m [90m[39m
[35m[HTTP][39m [37m-->[39m [37mGET[39m [37m/wd/hub/session/9321f6b0-68bf-438e-9b21-f729bd3a7aa2/screenshot[39m
[35m[HTTP][39m [90m{}[39m
[35m[HTTP][39m [37m<-- GET /wd/hub/session/9321f6b0-68bf-438e-9b21-f729bd3a7aa2/screenshot [39m[32m200[39m [90m709 ms - 268644[39m
[35m[HTTP][39m [90m[39m
[35m[HTTP][39m [37m-->[39m [37mPOST[39m [37m/wd/hub/session/9321f6b0-68bf-438e-9b21-f729bd3a7aa2/elements[39m
[35m[HTTP][39m [90m{"using":"xpath","value":"//*[@class = 'android.widget.ImageView' and @resource-id = '' and (@text = '' or . = '')]"}[39m
[35m[HTTP][39m [37m<-- POST /wd/hub/session/9321f6b0-68bf-438e-9b21-f729bd3a7aa2/elements [39m[32m200[39m [90m334 ms - 2699[39m
[35m[HTTP][39m [90m[39m
[35m[HTTP][39m [37m-->[39m [37mPOST[39m [37m/wd/hub/session/9321f6b0-68bf-438e-9b21-f729bd3a7aa2/elements[39m
[35m[HTTP][39m [90m{"using":"accessibility id","value":"Koin Digo\n35"}[39m
[35m[HTTP][39m [37m<-- POST /wd/hub/session/9321f6b0-68bf-438e-9b21-f729bd3a7aa2/elements [39m[32m200[39m [90m66 ms - 139[39m
[35m[HTTP][39m [90m[39m
[35m[HTTP][39m [37m-->[39m [37mGET[39m [37m/wd/hub/session/9321f6b0-68bf-438e-9b21-f729bd3a7aa2/window/rect[39m
[35m[HTTP][39m [90m{}[39m
[35m[HTTP][39m [37m<-- GET /wd/hub/session/9321f6b0-68bf-438e-9b21-f729bd3a7aa2/window/rect [39m[32m200[39m [90m31 ms - 49[39m
[35m[HTTP][39m [90m[39m
[35m[HTTP][39m [37m-->[39m [37mPOST[39m [37m/wd/hub/session/9321f6b0-68bf-438e-9b21-f729bd3a7aa2/elements[39m
[35m[HTTP][39m [90m{"using":"accessibility id","value":"Koin Digo\n35"}[39m
[35m[HTTP][39m [37m<-- POST /wd/hub/session/9321f6b0-68bf-438e-9b21-f729bd3a7aa2/elements [39m[32m200[39m [90m59 ms - 139[39m
[35m[HTTP][39m [90m[39m
[35m[HTTP][39m [37m-->[39m [37mGET[39m [37m/wd/hub/session/9321f6b0-68bf-438e-9b21-f729bd3a7aa2/element/00000000-0000-03f2-0000-003600000000/location[39m
[35m[HTTP][39m [90m{}[39m
[35m[W3C (9321f6b0)][39m Driver proxy active, passing request on via HTTP proxy
[35m[WD Proxy][39m Replacing sessionId 03b0361b-2a39-4951-8f4e-63c8e482df37 with 9321f6b0-68bf-438e-9b21-f729bd3a7aa2
[35m[HTTP][39m [37m<-- GET /wd/hub/session/9321f6b0-68bf-438e-9b21-f729bd3a7aa2/element/00000000-0000-03f2-0000-003600000000/location [39m[32m200[39m [90m40 ms - 78[39m
[35m[HTTP][39m [90m[39m
[35m[HTTP][39m [37m-->[39m [37mPOST[39m [37m/wd/hub/session/9321f6b0-68bf-438e-9b21-f729bd3a7aa2/element/00000000-0000-03f2-0000-003600000000/click[39m
[35m[HTTP][39m [90m{"id":"00000000-0000-03f2-0000-003600000000"}[39m
[35m[HTTP][39m [37m<-- POST /wd/hub/session/9321f6b0-68bf-438e-9b21-f729bd3a7aa2/element/00000000-0000-03f2-0000-003600000000/click [39m[32m200[39m [90m57 ms - 14[39m
[35m[HTTP][39m [90m[39m
[35m[HTTP][39m [37m-->[39m [37mGET[39m [37m/wd/hub/session/9321f6b0-68bf-438e-9b21-f729bd3a7aa2/source[39m
[35m[HTTP][39m [90m{}[39m
[35m[W3C (9321f6b0)][39m Driver proxy active, passing request on via HTTP proxy
[35m[WD Proxy][39m Replacing sessionId 03b0361b-2a39-4951-8f4e-63c8e482df37 with 9321f6b0-68bf-438e-9b21-f729bd3a7aa2
[35m[HTTP][39m [37m<-- GET /wd/hub/session/9321f6b0-68bf-438e-9b21-f729bd3a7aa2/source [39m[32m200[39m [90m641 ms - 14780[39m
[35m[HTTP][39m [90m[39m
[35m[HTTP][39m [37m-->[39m [37mGET[39m [37m/wd/hub/session/9321f6b0-68bf-438e-9b21-f729bd3a7aa2/screenshot[39m
[35m[HTTP][39m [90m{}[39m
[35m[HTTP][39m [37m<-- GET /wd/hub/session/9321f6b0-68bf-438e-9b21-f729bd3a7aa2/screenshot [39m[32m200[39m [90m620 ms - 139416[39m
[35m[HTTP][39m [90m[39m
[35m[HTTP][39m [37m-->[39m [37mPOST[39m [37m/wd/hub/session/9321f6b0-68bf-438e-9b21-f729bd3a7aa2/elements[39m
[35m[HTTP][39m [90m{"using":"xpath","value":"//*[@class = 'android.widget.ImageView' and @resource-id = '' and (@text = '' or . = '')]"}[39m
[35m[HTTP][39m [37m<-- POST /wd/hub/session/9321f6b0-68bf-438e-9b21-f729bd3a7aa2/elements [39m[32m200[39m [90m318 ms - 1163[39m
[35m[HTTP][39m [90m[39m
[35m[HTTP][39m [37m-->[39m [37mPOST[39m [37m/wd/hub/session/9321f6b0-68bf-438e-9b21-f729bd3a7aa2/elements[39m
[35m[HTTP][39m [90m{"using":"accessibility id","value":"Paket Data Internet\n1 GB 1 Hari Pengguna By.U\n10"}[39m
[35m[HTTP][39m [37m<-- POST /wd/hub/session/9321f6b0-68bf-438e-9b21-f729bd3a7aa2/elements [39m[32m200[39m [90m60 ms - 267[39m
[35m[HTTP][39m [90m[39m
[35m[HTTP][39m [37m-->[39m [37mPOST[39m [37m/wd/hub/session/9321f6b0-68bf-438e-9b21-f729bd3a7aa2/elements[39m
[35m[HTTP][39m [90m{"using":"-android uiautomator","value":"new UiSelector().className(\"android.widget.ImageView\").resourceId(\"\")"}[39m
[35m[HTTP][39m [37m<-- POST /wd/hub/session/9321f6b0-68bf-438e-9b21-f729bd3a7aa2/elements [39m[32m200[39m [90m218 ms - 1163[39m
[35m[HTTP][39m [90m[39m
[35m[HTTP][39m [37m-->[39m [37mGET[39m [37m/wd/hub/session/9321f6b0-68bf-438e-9b21-f729bd3a7aa2/window/rect[39m
[35m[HTTP][39m [90m{}[39m
[35m[HTTP][39m [37m<-- GET /wd/hub/session/9321f6b0-68bf-438e-9b21-f729bd3a7aa2/window/rect [39m[32m200[39m [90m37 ms - 49[39m
[35m[HTTP][39m [90m[39m
[35m[HTTP][39m [37m-->[39m [37mPOST[39m [37m/wd/hub/session/9321f6b0-68bf-438e-9b21-f729bd3a7aa2/elements[39m
[35m[HTTP][39m [90m{"using":"xpath","value":"//hierarchy/android.widget.FrameLayout[1]/android.widget.LinearLayout[1]/android.widget.FrameLayout[1]/android.widget.FrameLayout[1]/android.view.View[1]/android.view.View[1]/android.view.View[1]/android.view.View[2]/android.view.View[1]/android.view.View[4]/android.view.View[1]/android.view.View[1]/android.widget.ImageView[1]"}[39m
[35m[HTTP][39m [37m<-- POST /wd/hub/session/9321f6b0-68bf-438e-9b21-f729bd3a7aa2/elements [39m[32m200[39m [90m726 ms - 139[39m
[35m[HTTP][39m [90m[39m
[35m[HTTP][39m [37m-->[39m [37mGET[39m [37m/wd/hub/session/9321f6b0-68bf-438e-9b21-f729bd3a7aa2/element/00000000-0000-03f2-0000-005800000000/location[39m
[35m[HTTP][39m [90m{}[39m
[35m[W3C (9321f6b0)][39m Driver proxy active, passing request on via HTTP proxy
[35m[WD Proxy][39m Replacing sessionId 03b0361b-2a39-4951-8f4e-63c8e482df37 with 9321f6b0-68bf-438e-9b21-f729bd3a7aa2
[35m[HTTP][39m [37m<-- GET /wd/hub/session/9321f6b0-68bf-438e-9b21-f729bd3a7aa2/element/00000000-0000-03f2-0000-005800000000/location [39m[32m200[39m [90m34 ms - 77[39m
[35m[HTTP][39m [90m[39m
[35m[HTTP][39m [37m-->[39m [37mPOST[39m [37m/wd/hub/session/9321f6b0-68bf-438e-9b21-f729bd3a7aa2/element/00000000-0000-03f2-0000-005800000000/click[39m
[35m[HTTP][39m [90m{"id":"00000000-0000-03f2-0000-005800000000"}[39m
[35m[HTTP][39m [37m<-- POST /wd/hub/session/9321f6b0-68bf-438e-9b21-f729bd3a7aa2/element/00000000-0000-03f2-0000-005800000000/click [39m[32m200[39m [90m51 ms - 14[39m
[35m[HTTP][39m [90m[39m
[35m[HTTP][39m [37m-->[39m [37mGET[39m [37m/wd/hub/session/9321f6b0-68bf-438e-9b21-f729bd3a7aa2/source[39m
[35m[HTTP][39m [90m{}[39m
[35m[W3C (9321f6b0)][39m Driver proxy active, passing request on via HTTP proxy
[35m[WD Proxy][39m Replacing sessionId 03b0361b-2a39-4951-8f4e-63c8e482df37 with 9321f6b0-68bf-438e-9b21-f729bd3a7aa2
[35m[HTTP][39m [37m<-- GET /wd/hub/session/9321f6b0-68bf-438e-9b21-f729bd3a7aa2/source [39m[32m200[39m [90m527 ms - 7602[39m
[35m[HTTP][39m [90m[39m
[35m[HTTP][39m [37m-->[39m [37mGET[39m [37m/wd/hub/session/9321f6b0-68bf-438e-9b21-f729bd3a7aa2/screenshot[39m
[35m[HTTP][39m [90m{}[39m
[35m[HTTP][39m [37m<-- GET /wd/hub/session/9321f6b0-68bf-438e-9b21-f729bd3a7aa2/screenshot [39m[32m200[39m [90m619 ms - 92110[39m
[35m[HTTP][39m [90m[39m
[35m[HTTP][39m [37m-->[39m [37mPOST[39m [37m/wd/hub/session/9321f6b0-68bf-438e-9b21-f729bd3a7aa2/elements[39m
[35m[HTTP][39m [90m{"using":"xpath","value":"//*[@class = 'android.view.View' and @resource-id = '' and (@text = '' or . = '')]"}[39m
[35m[HTTP][39m [37m<-- POST /wd/hub/session/9321f6b0-68bf-438e-9b21-f729bd3a7aa2/elements [39m[32m200[39m [90m709 ms - 1547[39m
[35m[HTTP][39m [90m[39m
[35m[HTTP][39m [37m-->[39m [37mPOST[39m [37m/wd/hub/session/9321f6b0-68bf-438e-9b21-f729bd3a7aa2/elements[39m
[35m[HTTP][39m [90m{"using":"accessibility id","value":"Redeem Sekarang"}[39m
[35m[HTTP][39m [37m<-- POST /wd/hub/session/9321f6b0-68bf-438e-9b21-f729bd3a7aa2/elements [39m[32m200[39m [90m75 ms - 139[39m
[35m[HTTP][39m [90m[39m
[35m[HTTP][39m [37m-->[39m [37mGET[39m [37m/wd/hub/session/9321f6b0-68bf-438e-9b21-f729bd3a7aa2/window/rect[39m
[35m[HTTP][39m [90m{}[39m
[35m[HTTP][39m [37m<-- GET /wd/hub/session/9321f6b0-68bf-438e-9b21-f729bd3a7aa2/window/rect [39m[32m200[39m [90m39 ms - 49[39m
[35m[HTTP][39m [90m[39m
[35m[HTTP][39m [37m-->[39m [37mPOST[39m [37m/wd/hub/session/9321f6b0-68bf-438e-9b21-f729bd3a7aa2/elements[39m
[35m[HTTP][39m [90m{"using":"accessibility id","value":"Redeem Sekarang"}[39m
[35m[HTTP][39m [37m<-- POST /wd/hub/session/9321f6b0-68bf-438e-9b21-f729bd3a7aa2/elements [39m[32m200[39m [90m54 ms - 139[39m
[35m[HTTP][39m [90m[39m
[35m[HTTP][39m [37m-->[39m [37mGET[39m [37m/wd/hub/session/9321f6b0-68bf-438e-9b21-f729bd3a7aa2/element/00000000-0000-03f2-0000-006f00000000/location[39m
[35m[HTTP][39m [90m{}[39m
[35m[W3C (9321f6b0)][39m Driver proxy active, passing request on via HTTP proxy
[35m[WD Proxy][39m Replacing sessionId 03b0361b-2a39-4951-8f4e-63c8e482df37 with 9321f6b0-68bf-438e-9b21-f729bd3a7aa2
[35m[HTTP][39m [37m<-- GET /wd/hub/session/9321f6b0-68bf-438e-9b21-f729bd3a7aa2/element/00000000-0000-03f2-0000-006f00000000/location [39m[32m200[39m [90m34 ms - 78[39m
[35m[HTTP][39m [90m[39m
[35m[HTTP][39m [37m-->[39m [37mPOST[39m [37m/wd/hub/session/9321f6b0-68bf-438e-9b21-f729bd3a7aa2/element/00000000-0000-03f2-0000-006f00000000/click[39m
[35m[HTTP][39m [90m{"id":"00000000-0000-03f2-0000-006f00000000"}[39m
[35m[HTTP][39m [37m<-- POST /wd/hub/session/9321f6b0-68bf-438e-9b21-f729bd3a7aa2/element/00000000-0000-03f2-0000-006f00000000/click [39m[32m200[39m [90m46 ms - 14[39m
[35m[HTTP][39m [90m[39m
[35m[HTTP][39m [37m-->[39m [37mGET[39m [37m/wd/hub/session/9321f6b0-68bf-438e-9b21-f729bd3a7aa2/source[39m
[35m[HTTP][39m [90m{}[39m
[35m[W3C (9321f6b0)][39m Driver proxy active, passing request on via HTTP proxy
[35m[WD Proxy][39m Replacing sessionId 03b0361b-2a39-4951-8f4e-63c8e482df37 with 9321f6b0-68bf-438e-9b21-f729bd3a7aa2
[35m[HTTP][39m [37m<-- GET /wd/hub/session/9321f6b0-68bf-438e-9b21-f729bd3a7aa2/source [39m[32m200[39m [90m306 ms - 8315[39m
[35m[HTTP][39m [90m[39m
[35m[HTTP][39m [37m-->[39m [37mGET[39m [37m/wd/hub/session/9321f6b0-68bf-438e-9b21-f729bd3a7aa2/screenshot[39m
[35m[HTTP][39m [90m{}[39m
[35m[HTTP][39m [37m<-- GET /wd/hub/session/9321f6b0-68bf-438e-9b21-f729bd3a7aa2/screenshot [39m[32m200[39m [90m595 ms - 93568[39m
[35m[HTTP][39m [90m[39m
[35m[HTTP][39m [37m-->[39m [37mPOST[39m [37m/wd/hub/session/9321f6b0-68bf-438e-9b21-f729bd3a7aa2/elements[39m
[35m[HTTP][39m [90m{"using":"xpath","value":"//*[@class = 'android.widget.ImageView' and (@text = '+62**********' or . = '+62**********') and @resource-id = '']"}[39m
[35m[HTTP][39m [37m<-- POST /wd/hub/session/9321f6b0-68bf-438e-9b21-f729bd3a7aa2/elements [39m[32m200[39m [90m210 ms - 139[39m
[35m[HTTP][39m [90m[39m
[35m[HTTP][39m [37m-->[39m [37mGET[39m [37m/wd/hub/session/9321f6b0-68bf-438e-9b21-f729bd3a7aa2/window/rect[39m
[35m[HTTP][39m [90m{}[39m
[35m[HTTP][39m [37m<-- GET /wd/hub/session/9321f6b0-68bf-438e-9b21-f729bd3a7aa2/window/rect [39m[32m200[39m [90m28 ms - 49[39m
[35m[HTTP][39m [90m[39m
[35m[HTTP][39m [37m-->[39m [37mPOST[39m [37m/wd/hub/session/9321f6b0-68bf-438e-9b21-f729bd3a7aa2/elements[39m
[35m[HTTP][39m [90m{"using":"xpath","value":"//*[@class = 'android.widget.ImageView' and (@text = '+62**********' or . = '+62**********') and @resource-id = '']"}[39m
[35m[HTTP][39m [37m<-- POST /wd/hub/session/9321f6b0-68bf-438e-9b21-f729bd3a7aa2/elements [39m[32m200[39m [90m153 ms - 139[39m
[35m[HTTP][39m [90m[39m
[35m[HTTP][39m [37m-->[39m [37mGET[39m [37m/wd/hub/session/9321f6b0-68bf-438e-9b21-f729bd3a7aa2/element/00000000-0000-03f2-0000-007700000000/location[39m
[35m[HTTP][39m [90m{}[39m
[35m[W3C (9321f6b0)][39m Driver proxy active, passing request on via HTTP proxy
[35m[WD Proxy][39m Replacing sessionId 03b0361b-2a39-4951-8f4e-63c8e482df37 with 9321f6b0-68bf-438e-9b21-f729bd3a7aa2
[35m[HTTP][39m [37m<-- GET /wd/hub/session/9321f6b0-68bf-438e-9b21-f729bd3a7aa2/element/00000000-0000-03f2-0000-007700000000/location [39m[32m200[39m [90m34 ms - 77[39m
[35m[HTTP][39m [90m[39m
[35m[HTTP][39m [37m-->[39m [37mPOST[39m [37m/wd/hub/session/9321f6b0-68bf-438e-9b21-f729bd3a7aa2/element/00000000-0000-03f2-0000-007700000000/click[39m
[35m[HTTP][39m [90m{"id":"00000000-0000-03f2-0000-007700000000"}[39m
[35m[HTTP][39m [37m<-- POST /wd/hub/session/9321f6b0-68bf-438e-9b21-f729bd3a7aa2/element/00000000-0000-03f2-0000-007700000000/click [39m[32m200[39m [90m48 ms - 14[39m
[35m[HTTP][39m [90m[39m
[35m[HTTP][39m [37m-->[39m [37mGET[39m [37m/wd/hub/session/9321f6b0-68bf-438e-9b21-f729bd3a7aa2/source[39m
[35m[HTTP][39m [90m{}[39m
[35m[W3C (9321f6b0)][39m Driver proxy active, passing request on via HTTP proxy
[35m[WD Proxy][39m Replacing sessionId 03b0361b-2a39-4951-8f4e-63c8e482df37 with 9321f6b0-68bf-438e-9b21-f729bd3a7aa2
[35m[HTTP][39m [37m<-- GET /wd/hub/session/9321f6b0-68bf-438e-9b21-f729bd3a7aa2/source [39m[32m200[39m [90m380 ms - 6651[39m
[35m[HTTP][39m [90m[39m
[35m[HTTP][39m [37m-->[39m [37mGET[39m [37m/wd/hub/session/9321f6b0-68bf-438e-9b21-f729bd3a7aa2/screenshot[39m
[35m[HTTP][39m [90m{}[39m
[35m[HTTP][39m [37m<-- GET /wd/hub/session/9321f6b0-68bf-438e-9b21-f729bd3a7aa2/screenshot [39m[32m200[39m [90m640 ms - 88596[39m
[35m[HTTP][39m [90m[39m
[35m[HTTP][39m [37m-->[39m [37mPOST[39m [37m/wd/hub/session/9321f6b0-68bf-438e-9b21-f729bd3a7aa2/elements[39m
[35m[HTTP][39m [90m{"using":"xpath","value":"//*[@class = 'android.widget.ImageView' and (@text = '+62**********' or . = '+62**********') and @resource-id = '']"}[39m
[35m[HTTP][39m [37m<-- POST /wd/hub/session/9321f6b0-68bf-438e-9b21-f729bd3a7aa2/elements [39m[32m200[39m [90m215 ms - 139[39m
[35m[HTTP][39m [90m[39m
[35m[HTTP][39m [37m-->[39m [37mGET[39m [37m/wd/hub/session/9321f6b0-68bf-438e-9b21-f729bd3a7aa2/window/rect[39m
[35m[HTTP][39m [90m{}[39m
[35m[HTTP][39m [37m<-- GET /wd/hub/session/9321f6b0-68bf-438e-9b21-f729bd3a7aa2/window/rect [39m[32m200[39m [90m28 ms - 49[39m
[35m[HTTP][39m [90m[39m
[35m[HTTP][39m [37m-->[39m [37mPOST[39m [37m/wd/hub/session/9321f6b0-68bf-438e-9b21-f729bd3a7aa2/elements[39m
[35m[HTTP][39m [90m{"using":"xpath","value":"//*[@class = 'android.widget.ImageView' and (@text = '+62**********' or . = '+62**********') and @resource-id = '']"}[39m
[35m[HTTP][39m [37m<-- POST /wd/hub/session/9321f6b0-68bf-438e-9b21-f729bd3a7aa2/elements [39m[32m200[39m [90m175 ms - 139[39m
[35m[HTTP][39m [90m[39m
[35m[HTTP][39m [37m-->[39m [37mGET[39m [37m/wd/hub/session/9321f6b0-68bf-438e-9b21-f729bd3a7aa2/element/00000000-0000-03f2-0000-007700000000/location[39m
[35m[HTTP][39m [90m{}[39m
[35m[W3C (9321f6b0)][39m Driver proxy active, passing request on via HTTP proxy
[35m[WD Proxy][39m Replacing sessionId 03b0361b-2a39-4951-8f4e-63c8e482df37 with 9321f6b0-68bf-438e-9b21-f729bd3a7aa2
[35m[HTTP][39m [37m<-- GET /wd/hub/session/9321f6b0-68bf-438e-9b21-f729bd3a7aa2/element/00000000-0000-03f2-0000-007700000000/location [39m[32m200[39m [90m52 ms - 77[39m
[35m[HTTP][39m [90m[39m
[35m[HTTP][39m [37m-->[39m [37mPOST[39m [37m/wd/hub/session/9321f6b0-68bf-438e-9b21-f729bd3a7aa2/element/00000000-0000-03f2-0000-007700000000/clear[39m
[35m[HTTP][39m [90m{"id":"00000000-0000-03f2-0000-007700000000"}[39m
[35m[HTTP][39m [37m<-- POST /wd/hub/session/9321f6b0-68bf-438e-9b21-f729bd3a7aa2/element/00000000-0000-03f2-0000-007700000000/clear [39m[32m200[39m [90m52 ms - 14[39m
[35m[HTTP][39m [90m[39m
[35m[HTTP][39m [37m-->[39m [37mPOST[39m [37m/wd/hub/session/9321f6b0-68bf-438e-9b21-f729bd3a7aa2/element/00000000-0000-03f2-0000-007700000000/value[39m
[35m[HTTP][39m [90m{"id":"00000000-0000-03f2-0000-007700000000","text":"+6287701538698","value":["+","6","2","8","7","7","0","1","5","3","8","6","9","8"]}[39m
[35m[HTTP][39m [37m<-- POST /wd/hub/session/9321f6b0-68bf-438e-9b21-f729bd3a7aa2/element/00000000-0000-03f2-0000-007700000000/value [39m[32m200[39m [90m71 ms - 14[39m
[35m[HTTP][39m [90m[39m
[35m[HTTP][39m [37m-->[39m [37mGET[39m [37m/wd/hub/session/9321f6b0-68bf-438e-9b21-f729bd3a7aa2/source[39m
[35m[HTTP][39m [90m{}[39m
[35m[W3C (9321f6b0)][39m Driver proxy active, passing request on via HTTP proxy
[35m[WD Proxy][39m Replacing sessionId 03b0361b-2a39-4951-8f4e-63c8e482df37 with 9321f6b0-68bf-438e-9b21-f729bd3a7aa2
[35m[HTTP][39m [37m<-- GET /wd/hub/session/9321f6b0-68bf-438e-9b21-f729bd3a7aa2/source [39m[32m200[39m [90m124 ms - 6667[39m
[35m[HTTP][39m [90m[39m
[35m[HTTP][39m [37m-->[39m [37mGET[39m [37m/wd/hub/session/9321f6b0-68bf-438e-9b21-f729bd3a7aa2/screenshot[39m
[35m[HTTP][39m [90m{}[39m
[35m[HTTP][39m [37m<-- GET /wd/hub/session/9321f6b0-68bf-438e-9b21-f729bd3a7aa2/screenshot [39m[32m200[39m [90m662 ms - 94462[39m
[35m[HTTP][39m [90m[39m
[35m[HTTP][39m [37m-->[39m [37mGET[39m [37m/wd/hub/session/9321f6b0-68bf-438e-9b21-f729bd3a7aa2/context[39m
[35m[HTTP][39m [90m{}[39m
[35m[HTTP][39m [37m<-- GET /wd/hub/session/9321f6b0-68bf-438e-9b21-f729bd3a7aa2/context [39m[32m200[39m [90m4 ms - 22[39m
[35m[HTTP][39m [90m[39m
[35m[HTTP][39m [37m-->[39m [37mGET[39m [37m/wd/hub/session/9321f6b0-68bf-438e-9b21-f729bd3a7aa2/contexts[39m
[35m[HTTP][39m [90m{}[39m
[35m[HTTP][39m [37m<-- GET /wd/hub/session/9321f6b0-68bf-438e-9b21-f729bd3a7aa2/contexts [39m[32m200[39m [90m492 ms - 55[39m
[35m[HTTP][39m [90m[39m
[35m[HTTP][39m [37m-->[39m [37mPOST[39m [37m/wd/hub/session/9321f6b0-68bf-438e-9b21-f729bd3a7aa2/context[39m
[35m[HTTP][39m [90m{"name":"NATIVE_APP"}[39m
[35m[HTTP][39m [37m<-- POST /wd/hub/session/9321f6b0-68bf-438e-9b21-f729bd3a7aa2/context [39m[32m200[39m [90m4 ms - 14[39m
[35m[HTTP][39m [90m[39m
[35m[HTTP][39m [37m-->[39m [37mPOST[39m [37m/wd/hub/session/9321f6b0-68bf-438e-9b21-f729bd3a7aa2/appium/device/hide_keyboard[39m
[35m[HTTP][39m [90m{}[39m
[35m[HTTP][39m [37m<-- POST /wd/hub/session/9321f6b0-68bf-438e-9b21-f729bd3a7aa2/appium/device/hide_keyboard [39m[32m200[39m [90m1919 ms - 14[39m
[35m[HTTP][39m [90m[39m
[35m[HTTP][39m [37m-->[39m [37mPOST[39m [37m/wd/hub/session/9321f6b0-68bf-438e-9b21-f729bd3a7aa2/context[39m
[35m[HTTP][39m [90m{"name":"NATIVE_APP"}[39m
[35m[HTTP][39m [37m<-- POST /wd/hub/session/9321f6b0-68bf-438e-9b21-f729bd3a7aa2/context [39m[32m200[39m [90m2 ms - 14[39m
[35m[HTTP][39m [90m[39m
[35m[HTTP][39m [37m-->[39m [37mGET[39m [37m/wd/hub/session/9321f6b0-68bf-438e-9b21-f729bd3a7aa2/source[39m
[35m[HTTP][39m [90m{}[39m
[35m[W3C (9321f6b0)][39m Driver proxy active, passing request on via HTTP proxy
[35m[WD Proxy][39m Replacing sessionId 03b0361b-2a39-4951-8f4e-63c8e482df37 with 9321f6b0-68bf-438e-9b21-f729bd3a7aa2
[35m[HTTP][39m [37m<-- GET /wd/hub/session/9321f6b0-68bf-438e-9b21-f729bd3a7aa2/source [39m[32m200[39m [90m132 ms - 8330[39m
[35m[HTTP][39m [90m[39m
[35m[HTTP][39m [37m-->[39m [37mGET[39m [37m/wd/hub/session/9321f6b0-68bf-438e-9b21-f729bd3a7aa2/screenshot[39m
[35m[HTTP][39m [90m{}[39m
[35m[HTTP][39m [37m<-- GET /wd/hub/session/9321f6b0-68bf-438e-9b21-f729bd3a7aa2/screenshot [39m[32m200[39m [90m592 ms - 99098[39m
[35m[HTTP][39m [90m[39m
[35m[HTTP][39m [37m-->[39m [37mPOST[39m [37m/wd/hub/session/9321f6b0-68bf-438e-9b21-f729bd3a7aa2/elements[39m
[35m[HTTP][39m [90m{"using":"xpath","value":"//*[@class = 'android.view.View' and @resource-id = '' and (@text = '' or . = '')]"}[39m
[35m[HTTP][39m [37m<-- POST /wd/hub/session/9321f6b0-68bf-438e-9b21-f729bd3a7aa2/elements [39m[32m200[39m [90m201 ms - 1803[39m
[35m[HTTP][39m [90m[39m
[35m[HTTP][39m [37m-->[39m [37mPOST[39m [37m/wd/hub/session/9321f6b0-68bf-438e-9b21-f729bd3a7aa2/elements[39m
[35m[HTTP][39m [90m{"using":"accessibility id","value":"Redeem Sekarang"}[39m
[35m[HTTP][39m [37m<-- POST /wd/hub/session/9321f6b0-68bf-438e-9b21-f729bd3a7aa2/elements [39m[32m200[39m [90m51 ms - 139[39m
[35m[HTTP][39m [90m[39m
[35m[HTTP][39m [37m-->[39m [37mGET[39m [37m/wd/hub/session/9321f6b0-68bf-438e-9b21-f729bd3a7aa2/window/rect[39m
[35m[HTTP][39m [90m{}[39m
[35m[HTTP][39m [37m<-- GET /wd/hub/session/9321f6b0-68bf-438e-9b21-f729bd3a7aa2/window/rect [39m[32m200[39m [90m40 ms - 49[39m
[35m[HTTP][39m [90m[39m
[35m[HTTP][39m [37m-->[39m [37mPOST[39m [37m/wd/hub/session/9321f6b0-68bf-438e-9b21-f729bd3a7aa2/elements[39m
[35m[HTTP][39m [90m{"using":"accessibility id","value":"Redeem Sekarang"}[39m
[35m[HTTP][39m [37m<-- POST /wd/hub/session/9321f6b0-68bf-438e-9b21-f729bd3a7aa2/elements [39m[32m200[39m [90m76 ms - 139[39m
[35m[HTTP][39m [90m[39m
[35m[HTTP][39m [37m-->[39m [37mGET[39m [37m/wd/hub/session/9321f6b0-68bf-438e-9b21-f729bd3a7aa2/element/00000000-0000-03f2-0000-007900000000/location[39m
[35m[HTTP][39m [90m{}[39m
[35m[W3C (9321f6b0)][39m Driver proxy active, passing request on via HTTP proxy
[35m[WD Proxy][39m Replacing sessionId 03b0361b-2a39-4951-8f4e-63c8e482df37 with 9321f6b0-68bf-438e-9b21-f729bd3a7aa2
[35m[HTTP][39m [37m<-- GET /wd/hub/session/9321f6b0-68bf-438e-9b21-f729bd3a7aa2/element/00000000-0000-03f2-0000-007900000000/location [39m[32m200[39m [90m44 ms - 78[39m
[35m[HTTP][39m [90m[39m
[35m[HTTP][39m [37m-->[39m [37mPOST[39m [37m/wd/hub/session/9321f6b0-68bf-438e-9b21-f729bd3a7aa2/element/00000000-0000-03f2-0000-007900000000/click[39m
[35m[HTTP][39m [90m{"id":"00000000-0000-03f2-0000-007900000000"}[39m
[35m[HTTP][39m [37m<-- POST /wd/hub/session/9321f6b0-68bf-438e-9b21-f729bd3a7aa2/element/00000000-0000-03f2-0000-007900000000/click [39m[32m200[39m [90m49 ms - 14[39m
[35m[HTTP][39m [90m[39m
[35m[HTTP][39m [37m-->[39m [37mGET[39m [37m/wd/hub/session/9321f6b0-68bf-438e-9b21-f729bd3a7aa2/source[39m
[35m[HTTP][39m [90m{}[39m
[35m[W3C (9321f6b0)][39m Driver proxy active, passing request on via HTTP proxy
[35m[WD Proxy][39m Replacing sessionId 03b0361b-2a39-4951-8f4e-63c8e482df37 with 9321f6b0-68bf-438e-9b21-f729bd3a7aa2
[35m[HTTP][39m [37m<-- GET /wd/hub/session/9321f6b0-68bf-438e-9b21-f729bd3a7aa2/source [39m[32m200[39m [90m736 ms - 5820[39m
[35m[HTTP][39m [90m[39m
[35m[HTTP][39m [37m-->[39m [37mGET[39m [37m/wd/hub/session/9321f6b0-68bf-438e-9b21-f729bd3a7aa2/screenshot[39m
[35m[HTTP][39m [90m{}[39m
[35m[HTTP][39m [37m<-- GET /wd/hub/session/9321f6b0-68bf-438e-9b21-f729bd3a7aa2/screenshot [39m[32m200[39m [90m673 ms - 67028[39m
[35m[HTTP][39m [90m[39m
[35m[HTTP][39m [37m-->[39m [37mDELETE[39m [37m/wd/hub/session/9321f6b0-68bf-438e-9b21-f729bd3a7aa2[39m
[35m[HTTP][39m [90m{}[39m
[35m[Appium][39m Removing session 9321f6b0-68bf-438e-9b21-f729bd3a7aa2 from our master session list
[35m[UiAutomator2][39m Restoring hidden api policy to the device default configuration
[35m[HTTP][39m [37m<-- DELETE /wd/hub/session/9321f6b0-68bf-438e-9b21-f729bd3a7aa2 [39m[32m200[39m [90m702 ms - 14[39m
[35m[HTTP][39m [90m[39m
